{"total": {"lines":{"total":291,"covered":240,"skipped":0,"pct":82.47},"statements":{"total":291,"covered":240,"skipped":0,"pct":82.47},"functions":{"total":74,"covered":65,"skipped":0,"pct":87.83},"branches":{"total":79,"covered":41,"skipped":0,"pct":51.89},"branchesTrue":{"total":0,"covered":0,"skipped":0,"pct":100}}
,"/Users/indirapimpalkhare/WebstormProjects/se510_classroom/app.js": {"lines":{"total":22,"covered":22,"skipped":0,"pct":100},"functions":{"total":0,"covered":0,"skipped":0,"pct":100},"statements":{"total":22,"covered":22,"skipped":0,"pct":100},"branches":{"total":0,"covered":0,"skipped":0,"pct":100}}
,"/Users/indirapimpalkhare/WebstormProjects/se510_classroom/bin/www": {"lines":{"total":30,"covered":17,"skipped":0,"pct":56.66},"functions":{"total":3,"covered":2,"skipped":0,"pct":66.66},"statements":{"total":30,"covered":17,"skipped":0,"pct":56.66},"branches":{"total":15,"covered":5,"skipped":0,"pct":33.33}}
,"/Users/indirapimpalkhare/WebstormProjects/se510_classroom/models/assignments.js": {"lines":{"total":14,"covered":8,"skipped":0,"pct":57.14},"functions":{"total":4,"covered":2,"skipped":0,"pct":50},"statements":{"total":14,"covered":8,"skipped":0,"pct":57.14},"branches":{"total":8,"covered":3,"skipped":0,"pct":37.5}}
,"/Users/indirapimpalkhare/WebstormProjects/se510_classroom/models/courses.js": {"lines":{"total":44,"covered":33,"skipped":0,"pct":75},"functions":{"total":11,"covered":9,"skipped":0,"pct":81.81},"statements":{"total":44,"covered":33,"skipped":0,"pct":75},"branches":{"total":18,"covered":9,"skipped":0,"pct":50}}
,"/Users/indirapimpalkhare/WebstormProjects/se510_classroom/models/db.js": {"lines":{"total":7,"covered":6,"skipped":0,"pct":85.71},"functions":{"total":1,"covered":1,"skipped":0,"pct":100},"statements":{"total":7,"covered":6,"skipped":0,"pct":85.71},"branches":{"total":2,"covered":1,"skipped":0,"pct":50}}
,"/Users/indirapimpalkhare/WebstormProjects/se510_classroom/models/enrollments.js": {"lines":{"total":45,"covered":39,"skipped":0,"pct":86.66},"functions":{"total":12,"covered":12,"skipped":0,"pct":100},"statements":{"total":45,"covered":39,"skipped":0,"pct":86.66},"branches":{"total":20,"covered":14,"skipped":0,"pct":70}}
,"/Users/indirapimpalkhare/WebstormProjects/se510_classroom/models/users.js": {"lines":{"total":33,"covered":28,"skipped":0,"pct":84.84},"functions":{"total":9,"covered":9,"skipped":0,"pct":100},"statements":{"total":33,"covered":28,"skipped":0,"pct":84.84},"branches":{"total":14,"covered":9,"skipped":0,"pct":64.28}}
,"/Users/indirapimpalkhare/WebstormProjects/se510_classroom/routes/admin.js": {"lines":{"total":22,"covered":22,"skipped":0,"pct":100},"functions":{"total":8,"covered":8,"skipped":0,"pct":100},"statements":{"total":22,"covered":22,"skipped":0,"pct":100},"branches":{"total":0,"covered":0,"skipped":0,"pct":100}}
,"/Users/indirapimpalkhare/WebstormProjects/se510_classroom/routes/assignments.js": {"lines":{"total":15,"covered":10,"skipped":0,"pct":66.66},"functions":{"total":4,"covered":2,"skipped":0,"pct":50},"statements":{"total":15,"covered":10,"skipped":0,"pct":66.66},"branches":{"total":2,"covered":0,"skipped":0,"pct":0}}
,"/Users/indirapimpalkhare/WebstormProjects/se510_classroom/routes/courses.js": {"lines":{"total":18,"covered":14,"skipped":0,"pct":77.77},"functions":{"total":6,"covered":4,"skipped":0,"pct":66.66},"statements":{"total":18,"covered":14,"skipped":0,"pct":77.77},"branches":{"total":0,"covered":0,"skipped":0,"pct":100}}
,"/Users/indirapimpalkhare/WebstormProjects/se510_classroom/routes/enrollments.js": {"lines":{"total":30,"covered":30,"skipped":0,"pct":100},"functions":{"total":12,"covered":12,"skipped":0,"pct":100},"statements":{"total":30,"covered":30,"skipped":0,"pct":100},"branches":{"total":0,"covered":0,"skipped":0,"pct":100}}
,"/Users/indirapimpalkhare/WebstormProjects/se510_classroom/routes/users.js": {"lines":{"total":11,"covered":11,"skipped":0,"pct":100},"functions":{"total":4,"covered":4,"skipped":0,"pct":100},"statements":{"total":11,"covered":11,"skipped":0,"pct":100},"branches":{"total":0,"covered":0,"skipped":0,"pct":100}}
}
