{"/Users/indirapimpalkhare/WebstormProjects/se510_classroom/app.js": {"path":"/Users/indirapimpalkhare/WebstormProjects/se510_classroom/app.js","statementMap":{"0":{"start":{"line":2,"column":14},"end":{"line":2,"column":32}},"1":{"start":{"line":3,"column":17},"end":{"line":3,"column":39}},"2":{"start":{"line":4,"column":11},"end":{"line":4,"column":26}},"3":{"start":{"line":9,"column":11},"end":{"line":9,"column":26}},"4":{"start":{"line":10,"column":11},"end":{"line":10,"column":26}},"5":{"start":{"line":13,"column":24},"end":{"line":13,"column":55}},"6":{"start":{"line":14,"column":20},"end":{"line":14,"column":47}},"7":{"start":{"line":15,"column":24},"end":{"line":15,"column":55}},"8":{"start":{"line":16,"column":18},"end":{"line":16,"column":43}},"9":{"start":{"line":17,"column":18},"end":{"line":17,"column":43}},"10":{"start":{"line":20,"column":10},"end":{"line":20,"column":19}},"11":{"start":{"line":22,"column":0},"end":{"line":22,"column":16}},"12":{"start":{"line":26,"column":0},"end":{"line":26,"column":27}},"13":{"start":{"line":31,"column":14},"end":{"line":31,"column":34}},"14":{"start":{"line":32,"column":0},"end":{"line":32,"column":33}},"15":{"start":{"line":41,"column":0},"end":{"line":41,"column":24}},"16":{"start":{"line":49,"column":0},"end":{"line":49,"column":39}},"17":{"start":{"line":50,"column":0},"end":{"line":50,"column":47}},"18":{"start":{"line":51,"column":0},"end":{"line":51,"column":47}},"19":{"start":{"line":52,"column":0},"end":{"line":52,"column":35}},"20":{"start":{"line":53,"column":0},"end":{"line":53,"column":35}},"21":{"start":{"line":95,"column":0},"end":{"line":95,"column":21}}},"fnMap":{},"branchMap":{},"s":{"0":1,"1":1,"2":1,"3":1,"4":1,"5":1,"6":1,"7":1,"8":1,"9":1,"10":1,"11":1,"12":1,"13":1,"14":1,"15":1,"16":1,"17":1,"18":1,"19":1,"20":1,"21":1},"f":{},"b":{},"_coverageSchema":"1a1c01bbd47fc00a2c39e90264f33305004495a9","hash":"c4d0976324c2078555b27ecc96f1516e2eea27a3"}
,"/Users/indirapimpalkhare/WebstormProjects/se510_classroom/bin/www": {"path":"/Users/indirapimpalkhare/WebstormProjects/se510_classroom/bin/www","statementMap":{"0":{"start":{"line":7,"column":10},"end":{"line":7,"column":27}},"1":{"start":{"line":8,"column":12},"end":{"line":8,"column":54}},"2":{"start":{"line":9,"column":11},"end":{"line":9,"column":26}},"3":{"start":{"line":15,"column":11},"end":{"line":15,"column":52}},"4":{"start":{"line":16,"column":0},"end":{"line":16,"column":22}},"5":{"start":{"line":22,"column":13},"end":{"line":22,"column":35}},"6":{"start":{"line":28,"column":0},"end":{"line":28,"column":20}},"7":{"start":{"line":29,"column":0},"end":{"line":29,"column":28}},"8":{"start":{"line":30,"column":0},"end":{"line":30,"column":36}},"9":{"start":{"line":37,"column":13},"end":{"line":37,"column":30}},"10":{"start":{"line":39,"column":2},"end":{"line":42,"column":3}},"11":{"start":{"line":41,"column":4},"end":{"line":41,"column":15}},"12":{"start":{"line":44,"column":2},"end":{"line":47,"column":3}},"13":{"start":{"line":46,"column":4},"end":{"line":46,"column":16}},"14":{"start":{"line":49,"column":2},"end":{"line":49,"column":15}},"15":{"start":{"line":57,"column":2},"end":{"line":59,"column":3}},"16":{"start":{"line":58,"column":4},"end":{"line":58,"column":16}},"17":{"start":{"line":61,"column":13},"end":{"line":63,"column":20}},"18":{"start":{"line":66,"column":2},"end":{"line":77,"column":3}},"19":{"start":{"line":68,"column":6},"end":{"line":68,"column":60}},"20":{"start":{"line":69,"column":6},"end":{"line":69,"column":22}},"21":{"start":{"line":70,"column":6},"end":{"line":70,"column":12}},"22":{"start":{"line":72,"column":6},"end":{"line":72,"column":49}},"23":{"start":{"line":73,"column":6},"end":{"line":73,"column":22}},"24":{"start":{"line":74,"column":6},"end":{"line":74,"column":12}},"25":{"start":{"line":76,"column":6},"end":{"line":76,"column":18}},"26":{"start":{"line":85,"column":13},"end":{"line":85,"column":29}},"27":{"start":{"line":86,"column":13},"end":{"line":88,"column":25}},"28":{"start":{"line":89,"column":2},"end":{"line":89,"column":32}},"29":{"start":{"line":92,"column":0},"end":{"line":92,"column":24}}},"fnMap":{"0":{"name":"normalizePort","decl":{"start":{"line":36,"column":9},"end":{"line":36,"column":22}},"loc":{"start":{"line":36,"column":28},"end":{"line":50,"column":1}},"line":36},"1":{"name":"onError","decl":{"start":{"line":56,"column":9},"end":{"line":56,"column":16}},"loc":{"start":{"line":56,"column":24},"end":{"line":78,"column":1}},"line":56},"2":{"name":"onListening","decl":{"start":{"line":84,"column":9},"end":{"line":84,"column":20}},"loc":{"start":{"line":84,"column":23},"end":{"line":90,"column":1}},"line":84}},"branchMap":{"0":{"loc":{"start":{"line":15,"column":25},"end":{"line":15,"column":51}},"type":"binary-expr","locations":[{"start":{"line":15,"column":25},"end":{"line":15,"column":41}},{"start":{"line":15,"column":45},"end":{"line":15,"column":51}}],"line":15},"1":{"loc":{"start":{"line":39,"column":2},"end":{"line":42,"column":3}},"type":"if","locations":[{"start":{"line":39,"column":2},"end":{"line":42,"column":3}},{"start":{},"end":{}}],"line":39},"2":{"loc":{"start":{"line":44,"column":2},"end":{"line":47,"column":3}},"type":"if","locations":[{"start":{"line":44,"column":2},"end":{"line":47,"column":3}},{"start":{},"end":{}}],"line":44},"3":{"loc":{"start":{"line":57,"column":2},"end":{"line":59,"column":3}},"type":"if","locations":[{"start":{"line":57,"column":2},"end":{"line":59,"column":3}},{"start":{},"end":{}}],"line":57},"4":{"loc":{"start":{"line":61,"column":13},"end":{"line":63,"column":20}},"type":"cond-expr","locations":[{"start":{"line":62,"column":6},"end":{"line":62,"column":20}},{"start":{"line":63,"column":6},"end":{"line":63,"column":20}}],"line":61},"5":{"loc":{"start":{"line":66,"column":2},"end":{"line":77,"column":3}},"type":"switch","locations":[{"start":{"line":67,"column":4},"end":{"line":70,"column":12}},{"start":{"line":71,"column":4},"end":{"line":74,"column":12}},{"start":{"line":75,"column":4},"end":{"line":76,"column":18}}],"line":66},"6":{"loc":{"start":{"line":86,"column":13},"end":{"line":88,"column":25}},"type":"cond-expr","locations":[{"start":{"line":87,"column":6},"end":{"line":87,"column":20}},{"start":{"line":88,"column":6},"end":{"line":88,"column":25}}],"line":86}},"s":{"0":1,"1":1,"2":1,"3":1,"4":1,"5":1,"6":1,"7":1,"8":1,"9":1,"10":1,"11":0,"12":1,"13":1,"14":0,"15":0,"16":0,"17":0,"18":0,"19":0,"20":0,"21":0,"22":0,"23":0,"24":0,"25":0,"26":1,"27":1,"28":1,"29":1},"f":{"0":1,"1":0,"2":1},"b":{"0":[1,1],"1":[0,1],"2":[1,0],"3":[0,0],"4":[0,0],"5":[0,0,0],"6":[0,1]},"inputSourceMap":null,"_coverageSchema":"1a1c01bbd47fc00a2c39e90264f33305004495a9","hash":"25cfd583b2dab73a347ee7be73627dfcb9646ada"}
,"/Users/indirapimpalkhare/WebstormProjects/se510_classroom/models/assignments.js": {"path":"/Users/indirapimpalkhare/WebstormProjects/se510_classroom/models/assignments.js","statementMap":{"0":{"start":{"line":1,"column":9},"end":{"line":1,"column":24}},"1":{"start":{"line":3,"column":0},"end":{"line":16,"column":1}},"2":{"start":{"line":4,"column":16},"end":{"line":4,"column":63}},"3":{"start":{"line":5,"column":4},"end":{"line":15,"column":6}},"4":{"start":{"line":6,"column":12},"end":{"line":13,"column":13}},"5":{"start":{"line":8,"column":16},"end":{"line":8,"column":25}},"6":{"start":{"line":12,"column":16},"end":{"line":12,"column":30}},"7":{"start":{"line":18,"column":0},"end":{"line":28,"column":1}},"8":{"start":{"line":19,"column":16},"end":{"line":19,"column":148}},"9":{"start":{"line":20,"column":4},"end":{"line":27,"column":6}},"10":{"start":{"line":21,"column":8},"end":{"line":26,"column":9}},"11":{"start":{"line":22,"column":12},"end":{"line":22,"column":22}},"12":{"start":{"line":25,"column":12},"end":{"line":25,"column":27}},"13":{"start":{"line":30,"column":0},"end":{"line":33,"column":1}}},"fnMap":{"0":{"name":"(anonymous_0)","decl":{"start":{"line":3,"column":27},"end":{"line":3,"column":28}},"loc":{"start":{"line":3,"column":52},"end":{"line":16,"column":1}},"line":3},"1":{"name":"(anonymous_1)","decl":{"start":{"line":5,"column":27},"end":{"line":5,"column":28}},"loc":{"start":{"line":5,"column":42},"end":{"line":14,"column":9}},"line":5},"2":{"name":"(anonymous_2)","decl":{"start":{"line":18,"column":28},"end":{"line":18,"column":29}},"loc":{"start":{"line":18,"column":54},"end":{"line":28,"column":1}},"line":18},"3":{"name":"(anonymous_3)","decl":{"start":{"line":20,"column":28},"end":{"line":20,"column":29}},"loc":{"start":{"line":20,"column":43},"end":{"line":27,"column":5}},"line":20}},"branchMap":{"0":{"loc":{"start":{"line":6,"column":12},"end":{"line":13,"column":13}},"type":"if","locations":[{"start":{"line":6,"column":12},"end":{"line":13,"column":13}},{"start":{"line":10,"column":19},"end":{"line":13,"column":13}}],"line":6},"1":{"loc":{"start":{"line":6,"column":16},"end":{"line":6,"column":40}},"type":"binary-expr","locations":[{"start":{"line":6,"column":16},"end":{"line":6,"column":19}},{"start":{"line":6,"column":23},"end":{"line":6,"column":40}}],"line":6},"2":{"loc":{"start":{"line":21,"column":8},"end":{"line":26,"column":9}},"type":"if","locations":[{"start":{"line":21,"column":8},"end":{"line":26,"column":9}},{"start":{"line":24,"column":13},"end":{"line":26,"column":9}}],"line":21},"3":{"loc":{"start":{"line":21,"column":12},"end":{"line":21,"column":36}},"type":"binary-expr","locations":[{"start":{"line":21,"column":12},"end":{"line":21,"column":15}},{"start":{"line":21,"column":19},"end":{"line":21,"column":36}}],"line":21}},"s":{"0":1,"1":1,"2":0,"3":0,"4":0,"5":0,"6":0,"7":1,"8":0,"9":0,"10":0,"11":0,"12":0,"13":1},"f":{"0":0,"1":0,"2":0,"3":0},"b":{"0":[0,0],"1":[0,0],"2":[0,0],"3":[0,0]},"_coverageSchema":"1a1c01bbd47fc00a2c39e90264f33305004495a9","hash":"ed582319e8af40f70c9a8965f282b30df1aa5cda"}
,"/Users/indirapimpalkhare/WebstormProjects/se510_classroom/models/courses.js": {"path":"/Users/indirapimpalkhare/WebstormProjects/se510_classroom/models/courses.js","statementMap":{"0":{"start":{"line":1,"column":9},"end":{"line":1,"column":24}},"1":{"start":{"line":2,"column":15},"end":{"line":2,"column":30}},"2":{"start":{"line":4,"column":0},"end":{"line":22,"column":1}},"3":{"start":{"line":5,"column":16},"end":{"line":5,"column":200}},"4":{"start":{"line":6,"column":4},"end":{"line":21,"column":6}},"5":{"start":{"line":7,"column":12},"end":{"line":18,"column":13}},"6":{"start":{"line":9,"column":16},"end":{"line":12,"column":18}},"7":{"start":{"line":14,"column":16},"end":{"line":17,"column":18}},"8":{"start":{"line":24,"column":0},"end":{"line":60,"column":1}},"9":{"start":{"line":25,"column":16},"end":{"line":25,"column":52}},"10":{"start":{"line":26,"column":4},"end":{"line":58,"column":6}},"11":{"start":{"line":27,"column":12},"end":{"line":56,"column":13}},"12":{"start":{"line":29,"column":16},"end":{"line":32,"column":19}},"13":{"start":{"line":34,"column":16},"end":{"line":34,"column":61}},"14":{"start":{"line":35,"column":42},"end":{"line":38,"column":17}},"15":{"start":{"line":39,"column":39},"end":{"line":39,"column":84}},"16":{"start":{"line":40,"column":16},"end":{"line":55,"column":18}},"17":{"start":{"line":41,"column":20},"end":{"line":54,"column":21}},"18":{"start":{"line":42,"column":24},"end":{"line":46,"column":26}},"19":{"start":{"line":49,"column":39},"end":{"line":52,"column":25}},"20":{"start":{"line":53,"column":24},"end":{"line":53,"column":40}},"21":{"start":{"line":62,"column":0},"end":{"line":74,"column":1}},"22":{"start":{"line":63,"column":16},"end":{"line":63,"column":68}},"23":{"start":{"line":64,"column":4},"end":{"line":73,"column":6}},"24":{"start":{"line":65,"column":12},"end":{"line":71,"column":13}},"25":{"start":{"line":67,"column":16},"end":{"line":67,"column":25}},"26":{"start":{"line":70,"column":16},"end":{"line":70,"column":30}},"27":{"start":{"line":76,"column":0},"end":{"line":89,"column":1}},"28":{"start":{"line":77,"column":4},"end":{"line":77,"column":60}},"29":{"start":{"line":78,"column":16},"end":{"line":78,"column":58}},"30":{"start":{"line":79,"column":4},"end":{"line":88,"column":6}},"31":{"start":{"line":80,"column":12},"end":{"line":86,"column":13}},"32":{"start":{"line":81,"column":16},"end":{"line":81,"column":25}},"33":{"start":{"line":84,"column":16},"end":{"line":84,"column":33}},"34":{"start":{"line":85,"column":16},"end":{"line":85,"column":30}},"35":{"start":{"line":91,"column":0},"end":{"line":101,"column":1}},"36":{"start":{"line":92,"column":16},"end":{"line":92,"column":39}},"37":{"start":{"line":93,"column":4},"end":{"line":100,"column":6}},"38":{"start":{"line":94,"column":8},"end":{"line":99,"column":9}},"39":{"start":{"line":95,"column":12},"end":{"line":95,"column":21}},"40":{"start":{"line":97,"column":12},"end":{"line":97,"column":30}},"41":{"start":{"line":98,"column":12},"end":{"line":98,"column":27}},"42":{"start":{"line":103,"column":0},"end":{"line":105,"column":1}}},"fnMap":{"0":{"name":"(anonymous_0)","decl":{"start":{"line":4,"column":15},"end":{"line":4,"column":16}},"loc":{"start":{"line":4,"column":162},"end":{"line":22,"column":1}},"line":4},"1":{"name":"(anonymous_1)","decl":{"start":{"line":6,"column":149},"end":{"line":6,"column":150}},"loc":{"start":{"line":6,"column":158},"end":{"line":20,"column":9}},"line":6},"2":{"name":"(anonymous_2)","decl":{"start":{"line":24,"column":15},"end":{"line":24,"column":16}},"loc":{"start":{"line":24,"column":40},"end":{"line":60,"column":1}},"line":24},"3":{"name":"(anonymous_3)","decl":{"start":{"line":26,"column":27},"end":{"line":26,"column":28}},"loc":{"start":{"line":26,"column":41},"end":{"line":57,"column":9}},"line":26},"4":{"name":"(anonymous_4)","decl":{"start":{"line":40,"column":50},"end":{"line":40,"column":51}},"loc":{"start":{"line":40,"column":64},"end":{"line":55,"column":17}},"line":40},"5":{"name":"(anonymous_5)","decl":{"start":{"line":62,"column":24},"end":{"line":62,"column":25}},"loc":{"start":{"line":62,"column":50},"end":{"line":74,"column":1}},"line":62},"6":{"name":"(anonymous_6)","decl":{"start":{"line":64,"column":28},"end":{"line":64,"column":29}},"loc":{"start":{"line":64,"column":43},"end":{"line":72,"column":9}},"line":64},"7":{"name":"(anonymous_7)","decl":{"start":{"line":76,"column":23},"end":{"line":76,"column":24}},"loc":{"start":{"line":76,"column":48},"end":{"line":89,"column":1}},"line":76},"8":{"name":"(anonymous_8)","decl":{"start":{"line":79,"column":27},"end":{"line":79,"column":28}},"loc":{"start":{"line":79,"column":42},"end":{"line":87,"column":9}},"line":79},"9":{"name":"(anonymous_9)","decl":{"start":{"line":91,"column":16},"end":{"line":91,"column":17}},"loc":{"start":{"line":91,"column":30},"end":{"line":101,"column":1}},"line":91},"10":{"name":"(anonymous_10)","decl":{"start":{"line":93,"column":16},"end":{"line":93,"column":17}},"loc":{"start":{"line":93,"column":31},"end":{"line":100,"column":5}},"line":93}},"branchMap":{"0":{"loc":{"start":{"line":7,"column":12},"end":{"line":18,"column":13}},"type":"if","locations":[{"start":{"line":7,"column":12},"end":{"line":18,"column":13}},{"start":{"line":13,"column":19},"end":{"line":18,"column":13}}],"line":7},"1":{"loc":{"start":{"line":27,"column":12},"end":{"line":56,"column":13}},"type":"if","locations":[{"start":{"line":27,"column":12},"end":{"line":56,"column":13}},{"start":{"line":33,"column":19},"end":{"line":56,"column":13}}],"line":27},"2":{"loc":{"start":{"line":41,"column":20},"end":{"line":54,"column":21}},"type":"if","locations":[{"start":{"line":41,"column":20},"end":{"line":54,"column":21}},{"start":{"line":48,"column":25},"end":{"line":54,"column":21}}],"line":41},"3":{"loc":{"start":{"line":65,"column":12},"end":{"line":71,"column":13}},"type":"if","locations":[{"start":{"line":65,"column":12},"end":{"line":71,"column":13}},{"start":{"line":69,"column":19},"end":{"line":71,"column":13}}],"line":65},"4":{"loc":{"start":{"line":65,"column":16},"end":{"line":65,"column":40}},"type":"binary-expr","locations":[{"start":{"line":65,"column":16},"end":{"line":65,"column":19}},{"start":{"line":65,"column":23},"end":{"line":65,"column":40}}],"line":65},"5":{"loc":{"start":{"line":80,"column":12},"end":{"line":86,"column":13}},"type":"if","locations":[{"start":{"line":80,"column":12},"end":{"line":86,"column":13}},{"start":{"line":83,"column":19},"end":{"line":86,"column":13}}],"line":80},"6":{"loc":{"start":{"line":80,"column":16},"end":{"line":80,"column":40}},"type":"binary-expr","locations":[{"start":{"line":80,"column":16},"end":{"line":80,"column":19}},{"start":{"line":80,"column":23},"end":{"line":80,"column":40}}],"line":80},"7":{"loc":{"start":{"line":94,"column":8},"end":{"line":99,"column":9}},"type":"if","locations":[{"start":{"line":94,"column":8},"end":{"line":99,"column":9}},{"start":{"line":96,"column":15},"end":{"line":99,"column":9}}],"line":94},"8":{"loc":{"start":{"line":94,"column":12},"end":{"line":94,"column":36}},"type":"binary-expr","locations":[{"start":{"line":94,"column":12},"end":{"line":94,"column":15}},{"start":{"line":94,"column":19},"end":{"line":94,"column":36}}],"line":94}},"s":{"0":1,"1":1,"2":1,"3":0,"4":0,"5":0,"6":0,"7":0,"8":1,"9":0,"10":0,"11":0,"12":0,"13":0,"14":0,"15":0,"16":0,"17":0,"18":0,"19":0,"20":0,"21":1,"22":0,"23":0,"24":0,"25":0,"26":0,"27":1,"28":0,"29":0,"30":0,"31":0,"32":0,"33":0,"34":0,"35":1,"36":0,"37":0,"38":0,"39":0,"40":0,"41":0,"42":1},"f":{"0":0,"1":0,"2":0,"3":0,"4":0,"5":0,"6":0,"7":0,"8":0,"9":0,"10":0},"b":{"0":[0,0],"1":[0,0],"2":[0,0],"3":[0,0],"4":[0,0],"5":[0,0],"6":[0,0],"7":[0,0],"8":[0,0]},"_coverageSchema":"1a1c01bbd47fc00a2c39e90264f33305004495a9","hash":"c631995db7e640342299d332af16d660c0c0dc8c"}
,"/Users/indirapimpalkhare/WebstormProjects/se510_classroom/models/db.js": {"path":"/Users/indirapimpalkhare/WebstormProjects/se510_classroom/models/db.js","statementMap":{"0":{"start":{"line":1,"column":14},"end":{"line":1,"column":42}},"1":{"start":{"line":2,"column":17},"end":{"line":2,"column":30}},"2":{"start":{"line":4,"column":9},"end":{"line":10,"column":2}},"3":{"start":{"line":5,"column":4},"end":{"line":7,"column":5}},"4":{"start":{"line":6,"column":8},"end":{"line":6,"column":42}},"5":{"start":{"line":8,"column":4},"end":{"line":8,"column":53}},"6":{"start":{"line":12,"column":0},"end":{"line":12,"column":19}}},"fnMap":{"0":{"name":"(anonymous_0)","decl":{"start":{"line":4,"column":40},"end":{"line":4,"column":41}},"loc":{"start":{"line":4,"column":49},"end":{"line":10,"column":1}},"line":4}},"branchMap":{"0":{"loc":{"start":{"line":5,"column":4},"end":{"line":7,"column":5}},"type":"if","locations":[{"start":{"line":5,"column":4},"end":{"line":7,"column":5}},{"start":{},"end":{}}],"line":5}},"s":{"0":1,"1":1,"2":1,"3":1,"4":0,"5":1,"6":1},"f":{"0":1},"b":{"0":[0,1]},"_coverageSchema":"1a1c01bbd47fc00a2c39e90264f33305004495a9","hash":"17e5152f93a0ee9a3073153e93cbb636f8c697a8"}
,"/Users/indirapimpalkhare/WebstormProjects/se510_classroom/models/enrollments.js": {"path":"/Users/indirapimpalkhare/WebstormProjects/se510_classroom/models/enrollments.js","statementMap":{"0":{"start":{"line":1,"column":9},"end":{"line":1,"column":24}},"1":{"start":{"line":3,"column":0},"end":{"line":15,"column":1}},"2":{"start":{"line":4,"column":16},"end":{"line":4,"column":118}},"3":{"start":{"line":5,"column":4},"end":{"line":14,"column":6}},"4":{"start":{"line":6,"column":12},"end":{"line":12,"column":13}},"5":{"start":{"line":7,"column":16},"end":{"line":7,"column":25}},"6":{"start":{"line":10,"column":16},"end":{"line":10,"column":33}},"7":{"start":{"line":11,"column":16},"end":{"line":11,"column":30}},"8":{"start":{"line":17,"column":0},"end":{"line":30,"column":1}},"9":{"start":{"line":18,"column":16},"end":{"line":18,"column":112}},"10":{"start":{"line":20,"column":4},"end":{"line":29,"column":6}},"11":{"start":{"line":21,"column":8},"end":{"line":28,"column":9}},"12":{"start":{"line":22,"column":12},"end":{"line":22,"column":21}},"13":{"start":{"line":24,"column":12},"end":{"line":26,"column":13}},"14":{"start":{"line":27,"column":12},"end":{"line":27,"column":29}},"15":{"start":{"line":32,"column":0},"end":{"line":42,"column":1}},"16":{"start":{"line":33,"column":16},"end":{"line":33,"column":112}},"17":{"start":{"line":34,"column":4},"end":{"line":41,"column":6}},"18":{"start":{"line":35,"column":8},"end":{"line":40,"column":9}},"19":{"start":{"line":36,"column":12},"end":{"line":36,"column":22}},"20":{"start":{"line":38,"column":12},"end":{"line":38,"column":30}},"21":{"start":{"line":39,"column":12},"end":{"line":39,"column":27}},"22":{"start":{"line":44,"column":0},"end":{"line":54,"column":1}},"23":{"start":{"line":45,"column":16},"end":{"line":45,"column":127}},"24":{"start":{"line":46,"column":4},"end":{"line":53,"column":6}},"25":{"start":{"line":47,"column":8},"end":{"line":52,"column":9}},"26":{"start":{"line":48,"column":12},"end":{"line":48,"column":22}},"27":{"start":{"line":50,"column":12},"end":{"line":50,"column":30}},"28":{"start":{"line":51,"column":12},"end":{"line":51,"column":27}},"29":{"start":{"line":56,"column":0},"end":{"line":66,"column":1}},"30":{"start":{"line":57,"column":16},"end":{"line":57,"column":150}},"31":{"start":{"line":58,"column":4},"end":{"line":65,"column":6}},"32":{"start":{"line":59,"column":8},"end":{"line":64,"column":9}},"33":{"start":{"line":60,"column":12},"end":{"line":60,"column":22}},"34":{"start":{"line":62,"column":12},"end":{"line":62,"column":30}},"35":{"start":{"line":63,"column":12},"end":{"line":63,"column":27}},"36":{"start":{"line":68,"column":0},"end":{"line":81,"column":1}},"37":{"start":{"line":69,"column":16},"end":{"line":69,"column":80}},"38":{"start":{"line":70,"column":4},"end":{"line":80,"column":6}},"39":{"start":{"line":71,"column":8},"end":{"line":79,"column":9}},"40":{"start":{"line":72,"column":12},"end":{"line":72,"column":22}},"41":{"start":{"line":74,"column":12},"end":{"line":76,"column":13}},"42":{"start":{"line":77,"column":12},"end":{"line":77,"column":32}},"43":{"start":{"line":78,"column":12},"end":{"line":78,"column":29}},"44":{"start":{"line":83,"column":0},"end":{"line":90,"column":1}}},"fnMap":{"0":{"name":"(anonymous_0)","decl":{"start":{"line":3,"column":28},"end":{"line":3,"column":29}},"loc":{"start":{"line":3,"column":54},"end":{"line":15,"column":1}},"line":3},"1":{"name":"(anonymous_1)","decl":{"start":{"line":5,"column":28},"end":{"line":5,"column":29}},"loc":{"start":{"line":5,"column":43},"end":{"line":13,"column":9}},"line":5},"2":{"name":"(anonymous_2)","decl":{"start":{"line":17,"column":19},"end":{"line":17,"column":20}},"loc":{"start":{"line":17,"column":56},"end":{"line":30,"column":1}},"line":17},"3":{"name":"(anonymous_3)","decl":{"start":{"line":20,"column":74},"end":{"line":20,"column":75}},"loc":{"start":{"line":20,"column":91},"end":{"line":29,"column":5}},"line":20},"4":{"name":"(anonymous_4)","decl":{"start":{"line":32,"column":34},"end":{"line":32,"column":35}},"loc":{"start":{"line":32,"column":60},"end":{"line":42,"column":1}},"line":32},"5":{"name":"(anonymous_5)","decl":{"start":{"line":34,"column":28},"end":{"line":34,"column":29}},"loc":{"start":{"line":34,"column":43},"end":{"line":41,"column":5}},"line":34},"6":{"name":"(anonymous_6)","decl":{"start":{"line":44,"column":34},"end":{"line":44,"column":35}},"loc":{"start":{"line":44,"column":59},"end":{"line":54,"column":1}},"line":44},"7":{"name":"(anonymous_7)","decl":{"start":{"line":46,"column":27},"end":{"line":46,"column":28}},"loc":{"start":{"line":46,"column":42},"end":{"line":53,"column":5}},"line":46},"8":{"name":"(anonymous_8)","decl":{"start":{"line":56,"column":24},"end":{"line":56,"column":25}},"loc":{"start":{"line":56,"column":49},"end":{"line":66,"column":1}},"line":56},"9":{"name":"(anonymous_9)","decl":{"start":{"line":58,"column":27},"end":{"line":58,"column":28}},"loc":{"start":{"line":58,"column":42},"end":{"line":65,"column":5}},"line":58},"10":{"name":"(anonymous_10)","decl":{"start":{"line":68,"column":19},"end":{"line":68,"column":20}},"loc":{"start":{"line":68,"column":56},"end":{"line":81,"column":1}},"line":68},"11":{"name":"(anonymous_11)","decl":{"start":{"line":70,"column":41},"end":{"line":70,"column":42}},"loc":{"start":{"line":70,"column":58},"end":{"line":80,"column":5}},"line":70}},"branchMap":{"0":{"loc":{"start":{"line":6,"column":12},"end":{"line":12,"column":13}},"type":"if","locations":[{"start":{"line":6,"column":12},"end":{"line":12,"column":13}},{"start":{"line":9,"column":19},"end":{"line":12,"column":13}}],"line":6},"1":{"loc":{"start":{"line":6,"column":16},"end":{"line":6,"column":40}},"type":"binary-expr","locations":[{"start":{"line":6,"column":16},"end":{"line":6,"column":19}},{"start":{"line":6,"column":23},"end":{"line":6,"column":40}}],"line":6},"2":{"loc":{"start":{"line":21,"column":8},"end":{"line":28,"column":9}},"type":"if","locations":[{"start":{"line":21,"column":8},"end":{"line":28,"column":9}},{"start":{"line":23,"column":15},"end":{"line":28,"column":9}}],"line":21},"3":{"loc":{"start":{"line":35,"column":8},"end":{"line":40,"column":9}},"type":"if","locations":[{"start":{"line":35,"column":8},"end":{"line":40,"column":9}},{"start":{"line":37,"column":15},"end":{"line":40,"column":9}}],"line":35},"4":{"loc":{"start":{"line":35,"column":12},"end":{"line":35,"column":36}},"type":"binary-expr","locations":[{"start":{"line":35,"column":12},"end":{"line":35,"column":15}},{"start":{"line":35,"column":19},"end":{"line":35,"column":36}}],"line":35},"5":{"loc":{"start":{"line":47,"column":8},"end":{"line":52,"column":9}},"type":"if","locations":[{"start":{"line":47,"column":8},"end":{"line":52,"column":9}},{"start":{"line":49,"column":15},"end":{"line":52,"column":9}}],"line":47},"6":{"loc":{"start":{"line":47,"column":12},"end":{"line":47,"column":36}},"type":"binary-expr","locations":[{"start":{"line":47,"column":12},"end":{"line":47,"column":15}},{"start":{"line":47,"column":19},"end":{"line":47,"column":36}}],"line":47},"7":{"loc":{"start":{"line":59,"column":8},"end":{"line":64,"column":9}},"type":"if","locations":[{"start":{"line":59,"column":8},"end":{"line":64,"column":9}},{"start":{"line":61,"column":15},"end":{"line":64,"column":9}}],"line":59},"8":{"loc":{"start":{"line":59,"column":12},"end":{"line":59,"column":36}},"type":"binary-expr","locations":[{"start":{"line":59,"column":12},"end":{"line":59,"column":15}},{"start":{"line":59,"column":19},"end":{"line":59,"column":36}}],"line":59},"9":{"loc":{"start":{"line":71,"column":8},"end":{"line":79,"column":9}},"type":"if","locations":[{"start":{"line":71,"column":8},"end":{"line":79,"column":9}},{"start":{"line":73,"column":15},"end":{"line":79,"column":9}}],"line":71}},"s":{"0":1,"1":1,"2":1,"3":1,"4":1,"5":0,"6":1,"7":1,"8":1,"9":1,"10":1,"11":1,"12":0,"13":1,"14":1,"15":1,"16":1,"17":1,"18":1,"19":0,"20":1,"21":1,"22":1,"23":1,"24":1,"25":1,"26":0,"27":1,"28":1,"29":1,"30":1,"31":1,"32":1,"33":0,"34":1,"35":1,"36":1,"37":1,"38":1,"39":1,"40":0,"41":1,"42":1,"43":1,"44":1},"f":{"0":1,"1":1,"2":1,"3":1,"4":1,"5":1,"6":1,"7":1,"8":1,"9":1,"10":1,"11":1},"b":{"0":[0,1],"1":[1,1],"2":[0,1],"3":[0,1],"4":[1,1],"5":[0,1],"6":[1,1],"7":[0,1],"8":[1,1],"9":[0,1]},"_coverageSchema":"1a1c01bbd47fc00a2c39e90264f33305004495a9","hash":"580f146017b3171daadd764b4f88d5434df2df84"}
,"/Users/indirapimpalkhare/WebstormProjects/se510_classroom/models/users.js": {"path":"/Users/indirapimpalkhare/WebstormProjects/se510_classroom/models/users.js","statementMap":{"0":{"start":{"line":1,"column":9},"end":{"line":1,"column":24}},"1":{"start":{"line":3,"column":1},"end":{"line":22,"column":1}},"2":{"start":{"line":4,"column":16},"end":{"line":4,"column":98}},"3":{"start":{"line":5,"column":4},"end":{"line":21,"column":6}},"4":{"start":{"line":6,"column":12},"end":{"line":19,"column":13}},"5":{"start":{"line":8,"column":16},"end":{"line":11,"column":18}},"6":{"start":{"line":14,"column":16},"end":{"line":17,"column":18}},"7":{"start":{"line":24,"column":0},"end":{"line":61,"column":1}},"8":{"start":{"line":25,"column":16},"end":{"line":25,"column":50}},"9":{"start":{"line":26,"column":4},"end":{"line":59,"column":6}},"10":{"start":{"line":27,"column":12},"end":{"line":57,"column":13}},"11":{"start":{"line":29,"column":16},"end":{"line":32,"column":20}},"12":{"start":{"line":35,"column":43},"end":{"line":38,"column":17}},"13":{"start":{"line":39,"column":39},"end":{"line":39,"column":85}},"14":{"start":{"line":40,"column":16},"end":{"line":40,"column":36}},"15":{"start":{"line":41,"column":16},"end":{"line":56,"column":18}},"16":{"start":{"line":42,"column":20},"end":{"line":55,"column":21}},"17":{"start":{"line":43,"column":24},"end":{"line":47,"column":26}},"18":{"start":{"line":50,"column":39},"end":{"line":53,"column":25}},"19":{"start":{"line":54,"column":24},"end":{"line":54,"column":40}},"20":{"start":{"line":63,"column":0},"end":{"line":76,"column":1}},"21":{"start":{"line":64,"column":16},"end":{"line":64,"column":50}},"22":{"start":{"line":65,"column":4},"end":{"line":75,"column":6}},"23":{"start":{"line":66,"column":12},"end":{"line":73,"column":13}},"24":{"start":{"line":67,"column":16},"end":{"line":67,"column":26}},"25":{"start":{"line":71,"column":16},"end":{"line":71,"column":30}},"26":{"start":{"line":78,"column":0},"end":{"line":91,"column":1}},"27":{"start":{"line":79,"column":16},"end":{"line":79,"column":37}},"28":{"start":{"line":80,"column":4},"end":{"line":89,"column":6}},"29":{"start":{"line":81,"column":8},"end":{"line":87,"column":9}},"30":{"start":{"line":82,"column":12},"end":{"line":82,"column":22}},"31":{"start":{"line":85,"column":12},"end":{"line":85,"column":27}},"32":{"start":{"line":93,"column":0},"end":{"line":95,"column":1}}},"fnMap":{"0":{"name":"(anonymous_0)","decl":{"start":{"line":3,"column":14},"end":{"line":3,"column":15}},"loc":{"start":{"line":3,"column":71},"end":{"line":22,"column":1}},"line":3},"1":{"name":"(anonymous_1)","decl":{"start":{"line":5,"column":59},"end":{"line":5,"column":60}},"loc":{"start":{"line":5,"column":68},"end":{"line":20,"column":9}},"line":5},"2":{"name":"(anonymous_2)","decl":{"start":{"line":24,"column":13},"end":{"line":24,"column":14}},"loc":{"start":{"line":24,"column":35},"end":{"line":61,"column":1}},"line":24},"3":{"name":"(anonymous_3)","decl":{"start":{"line":26,"column":25},"end":{"line":26,"column":26}},"loc":{"start":{"line":26,"column":34},"end":{"line":58,"column":9}},"line":26},"4":{"name":"(anonymous_4)","decl":{"start":{"line":41,"column":48},"end":{"line":41,"column":49}},"loc":{"start":{"line":41,"column":62},"end":{"line":56,"column":17}},"line":41},"5":{"name":"(anonymous_5)","decl":{"start":{"line":63,"column":14},"end":{"line":63,"column":15}},"loc":{"start":{"line":63,"column":37},"end":{"line":76,"column":1}},"line":63},"6":{"name":"(anonymous_6)","decl":{"start":{"line":65,"column":25},"end":{"line":65,"column":26}},"loc":{"start":{"line":65,"column":40},"end":{"line":74,"column":9}},"line":65},"7":{"name":"(anonymous_7)","decl":{"start":{"line":78,"column":14},"end":{"line":78,"column":15}},"loc":{"start":{"line":78,"column":28},"end":{"line":91,"column":1}},"line":78},"8":{"name":"(anonymous_8)","decl":{"start":{"line":80,"column":16},"end":{"line":80,"column":17}},"loc":{"start":{"line":80,"column":31},"end":{"line":88,"column":5}},"line":80}},"branchMap":{"0":{"loc":{"start":{"line":6,"column":12},"end":{"line":19,"column":13}},"type":"if","locations":[{"start":{"line":6,"column":12},"end":{"line":19,"column":13}},{"start":{"line":13,"column":17},"end":{"line":19,"column":13}}],"line":6},"1":{"loc":{"start":{"line":27,"column":12},"end":{"line":57,"column":13}},"type":"if","locations":[{"start":{"line":27,"column":12},"end":{"line":57,"column":13}},{"start":{"line":34,"column":17},"end":{"line":57,"column":13}}],"line":27},"2":{"loc":{"start":{"line":42,"column":20},"end":{"line":55,"column":21}},"type":"if","locations":[{"start":{"line":42,"column":20},"end":{"line":55,"column":21}},{"start":{"line":49,"column":25},"end":{"line":55,"column":21}}],"line":42},"3":{"loc":{"start":{"line":66,"column":12},"end":{"line":73,"column":13}},"type":"if","locations":[{"start":{"line":66,"column":12},"end":{"line":73,"column":13}},{"start":{"line":70,"column":17},"end":{"line":73,"column":13}}],"line":66},"4":{"loc":{"start":{"line":66,"column":16},"end":{"line":66,"column":40}},"type":"binary-expr","locations":[{"start":{"line":66,"column":16},"end":{"line":66,"column":19}},{"start":{"line":66,"column":23},"end":{"line":66,"column":40}}],"line":66},"5":{"loc":{"start":{"line":81,"column":8},"end":{"line":87,"column":9}},"type":"if","locations":[{"start":{"line":81,"column":8},"end":{"line":87,"column":9}},{"start":{"line":84,"column":13},"end":{"line":87,"column":9}}],"line":81},"6":{"loc":{"start":{"line":81,"column":12},"end":{"line":81,"column":36}},"type":"binary-expr","locations":[{"start":{"line":81,"column":12},"end":{"line":81,"column":15}},{"start":{"line":81,"column":19},"end":{"line":81,"column":36}}],"line":81}},"s":{"0":1,"1":1,"2":0,"3":0,"4":0,"5":0,"6":0,"7":1,"8":0,"9":0,"10":0,"11":0,"12":0,"13":0,"14":0,"15":0,"16":0,"17":0,"18":0,"19":0,"20":1,"21":0,"22":0,"23":0,"24":0,"25":0,"26":1,"27":0,"28":0,"29":0,"30":0,"31":0,"32":1},"f":{"0":0,"1":0,"2":0,"3":0,"4":0,"5":0,"6":0,"7":0,"8":0},"b":{"0":[0,0],"1":[0,0],"2":[0,0],"3":[0,0],"4":[0,0],"5":[0,0],"6":[0,0]},"_coverageSchema":"1a1c01bbd47fc00a2c39e90264f33305004495a9","hash":"67fbced718a62094eb8a5beb1b7451580a7e1c10"}
,"/Users/indirapimpalkhare/WebstormProjects/se510_classroom/routes/admin.js": {"path":"/Users/indirapimpalkhare/WebstormProjects/se510_classroom/routes/admin.js","statementMap":{"0":{"start":{"line":1,"column":15},"end":{"line":1,"column":33}},"1":{"start":{"line":2,"column":14},"end":{"line":2,"column":32}},"2":{"start":{"line":3,"column":13},"end":{"line":3,"column":29}},"3":{"start":{"line":4,"column":14},"end":{"line":4,"column":45}},"4":{"start":{"line":5,"column":12},"end":{"line":5,"column":41}},"5":{"start":{"line":8,"column":0},"end":{"line":14,"column":3}},"6":{"start":{"line":9,"column":4},"end":{"line":9,"column":19}},"7":{"start":{"line":10,"column":4},"end":{"line":10,"column":38}},"8":{"start":{"line":11,"column":4},"end":{"line":13,"column":7}},"9":{"start":{"line":12,"column":8},"end":{"line":12,"column":75}},"10":{"start":{"line":17,"column":0},"end":{"line":22,"column":2}},"11":{"start":{"line":18,"column":4},"end":{"line":21,"column":7}},"12":{"start":{"line":19,"column":8},"end":{"line":19,"column":27}},"13":{"start":{"line":20,"column":8},"end":{"line":20,"column":75}},"14":{"start":{"line":24,"column":0},"end":{"line":29,"column":3}},"15":{"start":{"line":25,"column":4},"end":{"line":25,"column":19}},"16":{"start":{"line":26,"column":4},"end":{"line":28,"column":7}},"17":{"start":{"line":27,"column":8},"end":{"line":27,"column":75}},"18":{"start":{"line":32,"column":0},"end":{"line":36,"column":2}},"19":{"start":{"line":33,"column":4},"end":{"line":35,"column":7}},"20":{"start":{"line":34,"column":8},"end":{"line":34,"column":75}},"21":{"start":{"line":38,"column":0},"end":{"line":38,"column":24}}},"fnMap":{"0":{"name":"(anonymous_0)","decl":{"start":{"line":8,"column":26},"end":{"line":8,"column":27}},"loc":{"start":{"line":8,"column":46},"end":{"line":14,"column":1}},"line":8},"1":{"name":"(anonymous_1)","decl":{"start":{"line":11,"column":208},"end":{"line":11,"column":209}},"loc":{"start":{"line":11,"column":220},"end":{"line":13,"column":5}},"line":11},"2":{"name":"(anonymous_2)","decl":{"start":{"line":17,"column":31},"end":{"line":17,"column":32}},"loc":{"start":{"line":17,"column":51},"end":{"line":22,"column":1}},"line":17},"3":{"name":"(anonymous_3)","decl":{"start":{"line":18,"column":46},"end":{"line":18,"column":47}},"loc":{"start":{"line":18,"column":58},"end":{"line":21,"column":5}},"line":18},"4":{"name":"(anonymous_4)","decl":{"start":{"line":24,"column":24},"end":{"line":24,"column":25}},"loc":{"start":{"line":24,"column":44},"end":{"line":29,"column":1}},"line":24},"5":{"name":"(anonymous_5)","decl":{"start":{"line":26,"column":89},"end":{"line":26,"column":90}},"loc":{"start":{"line":26,"column":101},"end":{"line":28,"column":5}},"line":26},"6":{"name":"(anonymous_6)","decl":{"start":{"line":32,"column":29},"end":{"line":32,"column":30}},"loc":{"start":{"line":32,"column":49},"end":{"line":36,"column":1}},"line":32},"7":{"name":"(anonymous_7)","decl":{"start":{"line":33,"column":40},"end":{"line":33,"column":41}},"loc":{"start":{"line":33,"column":52},"end":{"line":35,"column":5}},"line":33}},"branchMap":{},"s":{"0":1,"1":1,"2":1,"3":1,"4":1,"5":1,"6":0,"7":0,"8":0,"9":0,"10":1,"11":0,"12":0,"13":0,"14":1,"15":0,"16":0,"17":0,"18":1,"19":0,"20":0,"21":1},"f":{"0":0,"1":0,"2":0,"3":0,"4":0,"5":0,"6":0,"7":0},"b":{},"_coverageSchema":"1a1c01bbd47fc00a2c39e90264f33305004495a9","hash":"2a4e476d8369625c80077c0f4ecbc3dad1fb0af1"}
,"/Users/indirapimpalkhare/WebstormProjects/se510_classroom/routes/assignments.js": {"path":"/Users/indirapimpalkhare/WebstormProjects/se510_classroom/routes/assignments.js","statementMap":{"0":{"start":{"line":1,"column":14},"end":{"line":1,"column":32}},"1":{"start":{"line":2,"column":13},"end":{"line":2,"column":29}},"2":{"start":{"line":3,"column":18},"end":{"line":3,"column":53}},"3":{"start":{"line":5,"column":0},"end":{"line":12,"column":3}},"4":{"start":{"line":7,"column":4},"end":{"line":7,"column":43}},"5":{"start":{"line":8,"column":4},"end":{"line":11,"column":6}},"6":{"start":{"line":9,"column":8},"end":{"line":9,"column":27}},"7":{"start":{"line":10,"column":8},"end":{"line":10,"column":49}},"8":{"start":{"line":13,"column":0},"end":{"line":23,"column":3}},"9":{"start":{"line":15,"column":4},"end":{"line":22,"column":5}},"10":{"start":{"line":16,"column":8},"end":{"line":16,"column":62}},"11":{"start":{"line":18,"column":8},"end":{"line":21,"column":10}},"12":{"start":{"line":19,"column":12},"end":{"line":19,"column":31}},"13":{"start":{"line":20,"column":12},"end":{"line":20,"column":53}},"14":{"start":{"line":24,"column":0},"end":{"line":24,"column":24}}},"fnMap":{"0":{"name":"(anonymous_0)","decl":{"start":{"line":5,"column":26},"end":{"line":5,"column":27}},"loc":{"start":{"line":5,"column":52},"end":{"line":12,"column":1}},"line":5},"1":{"name":"(anonymous_1)","decl":{"start":{"line":8,"column":63},"end":{"line":8,"column":64}},"loc":{"start":{"line":8,"column":75},"end":{"line":11,"column":5}},"line":8},"2":{"name":"(anonymous_2)","decl":{"start":{"line":13,"column":16},"end":{"line":13,"column":17}},"loc":{"start":{"line":13,"column":42},"end":{"line":23,"column":1}},"line":13},"3":{"name":"(anonymous_3)","decl":{"start":{"line":18,"column":68},"end":{"line":18,"column":69}},"loc":{"start":{"line":18,"column":80},"end":{"line":21,"column":9}},"line":18}},"branchMap":{"0":{"loc":{"start":{"line":15,"column":4},"end":{"line":22,"column":5}},"type":"if","locations":[{"start":{"line":15,"column":4},"end":{"line":22,"column":5}},{"start":{"line":17,"column":9},"end":{"line":22,"column":5}}],"line":15}},"s":{"0":1,"1":1,"2":1,"3":1,"4":0,"5":0,"6":0,"7":0,"8":1,"9":0,"10":0,"11":0,"12":0,"13":0,"14":1},"f":{"0":0,"1":0,"2":0,"3":0},"b":{"0":[0,0]},"_coverageSchema":"1a1c01bbd47fc00a2c39e90264f33305004495a9","hash":"331b3641803592ed25d0749d8cc50bbd5fb78519"}
,"/Users/indirapimpalkhare/WebstormProjects/se510_classroom/routes/courses.js": {"path":"/Users/indirapimpalkhare/WebstormProjects/se510_classroom/routes/courses.js","statementMap":{"0":{"start":{"line":1,"column":14},"end":{"line":1,"column":32}},"1":{"start":{"line":2,"column":13},"end":{"line":2,"column":29}},"2":{"start":{"line":3,"column":14},"end":{"line":3,"column":45}},"3":{"start":{"line":5,"column":0},"end":{"line":12,"column":3}},"4":{"start":{"line":7,"column":23},"end":{"line":7,"column":24}},"5":{"start":{"line":8,"column":4},"end":{"line":11,"column":6}},"6":{"start":{"line":9,"column":8},"end":{"line":9,"column":27}},"7":{"start":{"line":10,"column":8},"end":{"line":10,"column":49}},"8":{"start":{"line":19,"column":0},"end":{"line":26,"column":3}},"9":{"start":{"line":21,"column":23},"end":{"line":21,"column":24}},"10":{"start":{"line":22,"column":4},"end":{"line":25,"column":6}},"11":{"start":{"line":23,"column":8},"end":{"line":23,"column":27}},"12":{"start":{"line":24,"column":8},"end":{"line":24,"column":49}},"13":{"start":{"line":28,"column":0},"end":{"line":34,"column":2}},"14":{"start":{"line":29,"column":4},"end":{"line":32,"column":6}},"15":{"start":{"line":30,"column":8},"end":{"line":30,"column":27}},"16":{"start":{"line":31,"column":8},"end":{"line":31,"column":49}},"17":{"start":{"line":36,"column":0},"end":{"line":36,"column":24}}},"fnMap":{"0":{"name":"(anonymous_0)","decl":{"start":{"line":5,"column":16},"end":{"line":5,"column":17}},"loc":{"start":{"line":5,"column":42},"end":{"line":12,"column":1}},"line":5},"1":{"name":"(anonymous_1)","decl":{"start":{"line":8,"column":26},"end":{"line":8,"column":27}},"loc":{"start":{"line":8,"column":38},"end":{"line":11,"column":5}},"line":8},"2":{"name":"(anonymous_2)","decl":{"start":{"line":19,"column":23},"end":{"line":19,"column":24}},"loc":{"start":{"line":19,"column":49},"end":{"line":26,"column":1}},"line":19},"3":{"name":"(anonymous_3)","decl":{"start":{"line":22,"column":46},"end":{"line":22,"column":47}},"loc":{"start":{"line":22,"column":58},"end":{"line":25,"column":5}},"line":22},"4":{"name":"(anonymous_4)","decl":{"start":{"line":28,"column":19},"end":{"line":28,"column":20}},"loc":{"start":{"line":28,"column":39},"end":{"line":34,"column":1}},"line":28},"5":{"name":"(anonymous_5)","decl":{"start":{"line":29,"column":48},"end":{"line":29,"column":49}},"loc":{"start":{"line":29,"column":60},"end":{"line":32,"column":5}},"line":29}},"branchMap":{},"s":{"0":1,"1":1,"2":1,"3":1,"4":0,"5":0,"6":0,"7":0,"8":1,"9":0,"10":0,"11":0,"12":0,"13":1,"14":0,"15":0,"16":0,"17":1},"f":{"0":0,"1":0,"2":0,"3":0,"4":0,"5":0},"b":{},"_coverageSchema":"1a1c01bbd47fc00a2c39e90264f33305004495a9","hash":"19cd828b909265f78c1c597c7030aac36b1069ad"}
,"/Users/indirapimpalkhare/WebstormProjects/se510_classroom/routes/enrollments.js": {"path":"/Users/indirapimpalkhare/WebstormProjects/se510_classroom/routes/enrollments.js","statementMap":{"0":{"start":{"line":1,"column":14},"end":{"line":1,"column":32}},"1":{"start":{"line":2,"column":13},"end":{"line":2,"column":29}},"2":{"start":{"line":3,"column":18},"end":{"line":3,"column":53}},"3":{"start":{"line":6,"column":0},"end":{"line":15,"column":3}},"4":{"start":{"line":8,"column":20},"end":{"line":8,"column":21}},"5":{"start":{"line":9,"column":4},"end":{"line":13,"column":6}},"6":{"start":{"line":10,"column":8},"end":{"line":10,"column":27}},"7":{"start":{"line":12,"column":8},"end":{"line":12,"column":37}},"8":{"start":{"line":17,"column":0},"end":{"line":23,"column":2}},"9":{"start":{"line":18,"column":23},"end":{"line":18,"column":24}},"10":{"start":{"line":19,"column":4},"end":{"line":22,"column":6}},"11":{"start":{"line":20,"column":8},"end":{"line":20,"column":28}},"12":{"start":{"line":21,"column":8},"end":{"line":21,"column":37}},"13":{"start":{"line":26,"column":0},"end":{"line":31,"column":2}},"14":{"start":{"line":27,"column":4},"end":{"line":30,"column":6}},"15":{"start":{"line":28,"column":8},"end":{"line":28,"column":28}},"16":{"start":{"line":29,"column":8},"end":{"line":29,"column":37}},"17":{"start":{"line":33,"column":0},"end":{"line":39,"column":2}},"18":{"start":{"line":34,"column":4},"end":{"line":37,"column":6}},"19":{"start":{"line":35,"column":8},"end":{"line":35,"column":27}},"20":{"start":{"line":36,"column":8},"end":{"line":36,"column":37}},"21":{"start":{"line":41,"column":0},"end":{"line":46,"column":2}},"22":{"start":{"line":42,"column":4},"end":{"line":45,"column":6}},"23":{"start":{"line":43,"column":8},"end":{"line":43,"column":27}},"24":{"start":{"line":44,"column":8},"end":{"line":44,"column":37}},"25":{"start":{"line":48,"column":0},"end":{"line":53,"column":2}},"26":{"start":{"line":49,"column":4},"end":{"line":52,"column":6}},"27":{"start":{"line":50,"column":8},"end":{"line":50,"column":28}},"28":{"start":{"line":51,"column":8},"end":{"line":51,"column":37}},"29":{"start":{"line":55,"column":0},"end":{"line":55,"column":24}}},"fnMap":{"0":{"name":"(anonymous_0)","decl":{"start":{"line":6,"column":16},"end":{"line":6,"column":17}},"loc":{"start":{"line":6,"column":42},"end":{"line":15,"column":1}},"line":6},"1":{"name":"(anonymous_1)","decl":{"start":{"line":9,"column":51},"end":{"line":9,"column":52}},"loc":{"start":{"line":9,"column":63},"end":{"line":13,"column":5}},"line":9},"2":{"name":"(anonymous_2)","decl":{"start":{"line":17,"column":26},"end":{"line":17,"column":27}},"loc":{"start":{"line":17,"column":46},"end":{"line":23,"column":1}},"line":17},"3":{"name":"(anonymous_3)","decl":{"start":{"line":19,"column":60},"end":{"line":19,"column":61}},"loc":{"start":{"line":19,"column":72},"end":{"line":22,"column":5}},"line":19},"4":{"name":"(anonymous_4)","decl":{"start":{"line":26,"column":46},"end":{"line":26,"column":47}},"loc":{"start":{"line":26,"column":66},"end":{"line":31,"column":1}},"line":26},"5":{"name":"(anonymous_5)","decl":{"start":{"line":27,"column":70},"end":{"line":27,"column":71}},"loc":{"start":{"line":27,"column":82},"end":{"line":30,"column":5}},"line":27},"6":{"name":"(anonymous_6)","decl":{"start":{"line":33,"column":17},"end":{"line":33,"column":18}},"loc":{"start":{"line":33,"column":37},"end":{"line":39,"column":1}},"line":33},"7":{"name":"(anonymous_7)","decl":{"start":{"line":34,"column":74},"end":{"line":34,"column":75}},"loc":{"start":{"line":34,"column":86},"end":{"line":37,"column":5}},"line":34},"8":{"name":"(anonymous_8)","decl":{"start":{"line":41,"column":19},"end":{"line":41,"column":20}},"loc":{"start":{"line":41,"column":39},"end":{"line":46,"column":1}},"line":41},"9":{"name":"(anonymous_9)","decl":{"start":{"line":42,"column":76},"end":{"line":42,"column":77}},"loc":{"start":{"line":42,"column":88},"end":{"line":45,"column":5}},"line":42},"10":{"name":"(anonymous_10)","decl":{"start":{"line":48,"column":26},"end":{"line":48,"column":27}},"loc":{"start":{"line":48,"column":46},"end":{"line":53,"column":1}},"line":48},"11":{"name":"(anonymous_11)","decl":{"start":{"line":49,"column":60},"end":{"line":49,"column":61}},"loc":{"start":{"line":49,"column":72},"end":{"line":52,"column":5}},"line":49}},"branchMap":{},"s":{"0":1,"1":1,"2":1,"3":1,"4":1,"5":1,"6":1,"7":1,"8":1,"9":1,"10":1,"11":1,"12":1,"13":1,"14":1,"15":1,"16":1,"17":1,"18":1,"19":1,"20":1,"21":1,"22":1,"23":1,"24":1,"25":1,"26":1,"27":1,"28":1,"29":1},"f":{"0":1,"1":1,"2":1,"3":1,"4":1,"5":1,"6":1,"7":1,"8":1,"9":1,"10":1,"11":1},"b":{},"_coverageSchema":"1a1c01bbd47fc00a2c39e90264f33305004495a9","hash":"d08d19c9ea614536b904c97441e05cd150897c0f"}
,"/Users/indirapimpalkhare/WebstormProjects/se510_classroom/routes/users.js": {"path":"/Users/indirapimpalkhare/WebstormProjects/se510_classroom/routes/users.js","statementMap":{"0":{"start":{"line":1,"column":14},"end":{"line":1,"column":32}},"1":{"start":{"line":2,"column":13},"end":{"line":2,"column":29}},"2":{"start":{"line":3,"column":12},"end":{"line":3,"column":41}},"3":{"start":{"line":6,"column":0},"end":{"line":11,"column":3}},"4":{"start":{"line":7,"column":4},"end":{"line":10,"column":6}},"5":{"start":{"line":8,"column":8},"end":{"line":8,"column":27}},"6":{"start":{"line":9,"column":8},"end":{"line":9,"column":49}},"7":{"start":{"line":12,"column":0},"end":{"line":17,"column":3}},"8":{"start":{"line":13,"column":4},"end":{"line":16,"column":6}},"9":{"start":{"line":15,"column":8},"end":{"line":15,"column":49}},"10":{"start":{"line":29,"column":0},"end":{"line":29,"column":24}}},"fnMap":{"0":{"name":"(anonymous_0)","decl":{"start":{"line":6,"column":19},"end":{"line":6,"column":20}},"loc":{"start":{"line":6,"column":45},"end":{"line":11,"column":1}},"line":6},"1":{"name":"(anonymous_1)","decl":{"start":{"line":7,"column":37},"end":{"line":7,"column":38}},"loc":{"start":{"line":7,"column":49},"end":{"line":10,"column":5}},"line":7},"2":{"name":"(anonymous_2)","decl":{"start":{"line":12,"column":16},"end":{"line":12,"column":17}},"loc":{"start":{"line":12,"column":42},"end":{"line":17,"column":1}},"line":12},"3":{"name":"(anonymous_3)","decl":{"start":{"line":13,"column":23},"end":{"line":13,"column":24}},"loc":{"start":{"line":13,"column":35},"end":{"line":16,"column":5}},"line":13}},"branchMap":{},"s":{"0":1,"1":1,"2":1,"3":1,"4":0,"5":0,"6":0,"7":1,"8":0,"9":0,"10":1},"f":{"0":0,"1":0,"2":0,"3":0},"b":{},"_coverageSchema":"1a1c01bbd47fc00a2c39e90264f33305004495a9","hash":"fc186f829bb56400191561680d263d26c3956003"}
}
