TN:
SF:app.js
FNF:0
FNH:0
DA:2,5
DA:3,5
DA:4,5
DA:9,5
DA:10,5
DA:13,5
DA:14,5
DA:15,5
DA:16,5
DA:17,5
DA:20,5
DA:22,5
DA:26,5
DA:31,5
DA:32,5
DA:41,5
DA:49,5
DA:50,5
DA:51,5
DA:52,5
DA:53,5
DA:95,5
LF:22
LH:22
BRF:0
BRH:0
end_of_record
TN:
SF:bin/www
FN:36,normalizePort
FN:56,onError
FN:84,onListening
FNF:3
FNH:2
FNDA:1,normalizePort
FNDA:0,onError
FNDA:1,onListening
DA:7,1
DA:8,1
DA:9,1
DA:15,1
DA:16,1
DA:22,1
DA:28,1
DA:29,1
DA:30,1
DA:37,1
DA:39,1
DA:41,0
DA:44,1
DA:46,1
DA:49,0
DA:57,0
DA:58,0
DA:61,0
DA:66,0
DA:68,0
DA:69,0
DA:70,0
DA:72,0
DA:73,0
DA:74,0
DA:76,0
DA:85,1
DA:86,1
DA:89,1
DA:92,1
LF:30
LH:17
BRDA:15,0,0,1
BRDA:15,0,1,1
BRDA:39,1,0,0
BRDA:39,1,1,1
BRDA:44,2,0,1
BRDA:44,2,1,0
BRDA:57,3,0,0
BRDA:57,3,1,0
BRDA:61,4,0,0
BRDA:61,4,1,0
BRDA:66,5,0,0
BRDA:66,5,1,0
BRDA:66,5,2,0
BRDA:86,6,0,0
BRDA:86,6,1,1
BRF:15
BRH:5
end_of_record
TN:
SF:models/assignments.js
FN:3,(anonymous_0)
FN:5,(anonymous_1)
FN:18,(anonymous_2)
FN:20,(anonymous_3)
FNF:4
FNH:2
FNDA:2,(anonymous_0)
FNDA:2,(anonymous_1)
FNDA:0,(anonymous_2)
FNDA:0,(anonymous_3)
DA:1,5
DA:3,5
DA:4,2
DA:5,2
DA:6,2
DA:8,0
DA:12,2
DA:18,5
DA:19,0
DA:20,0
DA:21,0
DA:22,0
DA:25,0
DA:30,5
LF:14
LH:8
BRDA:6,0,0,0
BRDA:6,0,1,2
BRDA:6,1,0,2
BRDA:6,1,1,2
BRDA:21,2,0,0
BRDA:21,2,1,0
BRDA:21,3,0,0
BRDA:21,3,1,0
BRF:8
BRH:3
end_of_record
TN:
SF:models/courses.js
FN:4,(anonymous_0)
FN:6,(anonymous_1)
FN:25,(anonymous_2)
FN:27,(anonymous_3)
FN:41,(anonymous_4)
FN:62,(anonymous_5)
FN:64,(anonymous_6)
FN:76,(anonymous_7)
FN:79,(anonymous_8)
FN:91,(anonymous_9)
FN:93,(anonymous_10)
FNF:11
FNH:9
FNDA:1,(anonymous_0)
FNDA:1,(anonymous_1)
FNDA:1,(anonymous_2)
FNDA:1,(anonymous_3)
FNDA:1,(anonymous_4)
FNDA:1,(anonymous_5)
FNDA:1,(anonymous_6)
FNDA:1,(anonymous_7)
FNDA:1,(anonymous_8)
FNDA:0,(anonymous_9)
FNDA:0,(anonymous_10)
DA:1,5
DA:2,5
DA:4,5
DA:5,1
DA:6,1
DA:7,1
DA:8,0
DA:13,1
DA:14,1
DA:25,5
DA:26,1
DA:27,1
DA:28,1
DA:30,0
DA:35,1
DA:36,1
DA:40,1
DA:41,1
DA:42,1
DA:43,0
DA:50,1
DA:54,1
DA:62,5
DA:63,1
DA:64,1
DA:65,1
DA:67,0
DA:70,1
DA:76,5
DA:77,1
DA:78,1
DA:79,1
DA:80,1
DA:81,0
DA:84,1
DA:85,1
DA:91,5
DA:92,0
DA:93,0
DA:94,0
DA:95,0
DA:97,0
DA:98,0
DA:103,5
LF:44
LH:33
BRDA:7,0,0,0
BRDA:7,0,1,1
BRDA:28,1,0,0
BRDA:28,1,1,1
BRDA:42,2,0,0
BRDA:42,2,1,1
BRDA:65,3,0,0
BRDA:65,3,1,1
BRDA:65,4,0,1
BRDA:65,4,1,1
BRDA:80,5,0,0
BRDA:80,5,1,1
BRDA:80,6,0,1
BRDA:80,6,1,1
BRDA:94,7,0,0
BRDA:94,7,1,0
BRDA:94,8,0,0
BRDA:94,8,1,0
BRF:18
BRH:9
end_of_record
TN:
SF:models/db.js
FN:4,(anonymous_0)
FNF:1
FNH:1
FNDA:5,(anonymous_0)
DA:1,5
DA:2,5
DA:4,5
DA:5,5
DA:6,0
DA:8,5
DA:12,5
LF:7
LH:6
BRDA:5,0,0,0
BRDA:5,0,1,5
BRF:2
BRH:1
end_of_record
TN:
SF:models/enrollments.js
FN:3,(anonymous_0)
FN:5,(anonymous_1)
FN:17,(anonymous_2)
FN:20,(anonymous_3)
FN:32,(anonymous_4)
FN:34,(anonymous_5)
FN:44,(anonymous_6)
FN:46,(anonymous_7)
FN:56,(anonymous_8)
FN:58,(anonymous_9)
FN:68,(anonymous_10)
FN:70,(anonymous_11)
FNF:12
FNH:12
FNDA:1,(anonymous_0)
FNDA:1,(anonymous_1)
FNDA:1,(anonymous_2)
FNDA:1,(anonymous_3)
FNDA:1,(anonymous_4)
FNDA:1,(anonymous_5)
FNDA:1,(anonymous_6)
FNDA:1,(anonymous_7)
FNDA:1,(anonymous_8)
FNDA:1,(anonymous_9)
FNDA:1,(anonymous_10)
FNDA:1,(anonymous_11)
DA:1,5
DA:3,5
DA:4,1
DA:5,1
DA:6,1
DA:7,0
DA:10,1
DA:11,1
DA:17,5
DA:18,1
DA:20,1
DA:21,1
DA:22,0
DA:24,1
DA:27,1
DA:32,5
DA:33,1
DA:34,1
DA:35,1
DA:36,0
DA:38,1
DA:39,1
DA:44,5
DA:45,1
DA:46,1
DA:47,1
DA:48,0
DA:50,1
DA:51,1
DA:56,5
DA:57,1
DA:58,1
DA:59,1
DA:60,0
DA:62,1
DA:63,1
DA:68,5
DA:69,1
DA:70,1
DA:71,1
DA:72,0
DA:74,1
DA:77,1
DA:78,1
DA:83,5
LF:45
LH:39
BRDA:6,0,0,0
BRDA:6,0,1,1
BRDA:6,1,0,1
BRDA:6,1,1,1
BRDA:21,2,0,0
BRDA:21,2,1,1
BRDA:35,3,0,0
BRDA:35,3,1,1
BRDA:35,4,0,1
BRDA:35,4,1,1
BRDA:47,5,0,0
BRDA:47,5,1,1
BRDA:47,6,0,1
BRDA:47,6,1,1
BRDA:59,7,0,0
BRDA:59,7,1,1
BRDA:59,8,0,1
BRDA:59,8,1,1
BRDA:71,9,0,0
BRDA:71,9,1,1
BRF:20
BRH:14
end_of_record
TN:
SF:models/users.js
FN:3,(anonymous_0)
FN:5,(anonymous_1)
FN:24,(anonymous_2)
FN:26,(anonymous_3)
FN:41,(anonymous_4)
FN:63,(anonymous_5)
FN:65,(anonymous_6)
FN:78,(anonymous_7)
FN:80,(anonymous_8)
FNF:9
FNH:9
FNDA:1,(anonymous_0)
FNDA:1,(anonymous_1)
FNDA:1,(anonymous_2)
FNDA:1,(anonymous_3)
FNDA:1,(anonymous_4)
FNDA:1,(anonymous_5)
FNDA:1,(anonymous_6)
FNDA:1,(anonymous_7)
FNDA:1,(anonymous_8)
DA:1,5
DA:3,5
DA:4,1
DA:5,1
DA:6,1
DA:8,0
DA:14,1
DA:24,5
DA:25,1
DA:26,1
DA:27,1
DA:29,0
DA:35,1
DA:39,1
DA:40,1
DA:41,1
DA:42,1
DA:43,0
DA:50,1
DA:54,1
DA:63,5
DA:64,1
DA:65,1
DA:66,1
DA:67,0
DA:71,1
DA:78,5
DA:79,1
DA:80,1
DA:81,1
DA:82,0
DA:85,1
DA:93,5
LF:33
LH:28
BRDA:6,0,0,0
BRDA:6,0,1,1
BRDA:27,1,0,0
BRDA:27,1,1,1
BRDA:42,2,0,0
BRDA:42,2,1,1
BRDA:66,3,0,0
BRDA:66,3,1,1
BRDA:66,4,0,1
BRDA:66,4,1,1
BRDA:81,5,0,0
BRDA:81,5,1,1
BRDA:81,6,0,1
BRDA:81,6,1,1
BRF:14
BRH:9
end_of_record
TN:
SF:routes/admin.js
FN:8,(anonymous_0)
FN:10,(anonymous_1)
FN:17,(anonymous_2)
FN:18,(anonymous_3)
FN:24,(anonymous_4)
FN:26,(anonymous_5)
FN:32,(anonymous_6)
FN:33,(anonymous_7)
FNF:8
FNH:8
FNDA:1,(anonymous_0)
FNDA:1,(anonymous_1)
FNDA:1,(anonymous_2)
FNDA:1,(anonymous_3)
FNDA:1,(anonymous_4)
FNDA:1,(anonymous_5)
FNDA:1,(anonymous_6)
FNDA:1,(anonymous_7)
DA:1,5
DA:2,5
DA:3,5
DA:4,5
DA:5,5
DA:8,5
DA:9,1
DA:10,1
DA:11,1
DA:12,1
DA:17,5
DA:18,1
DA:19,1
DA:20,1
DA:24,5
DA:25,1
DA:26,1
DA:27,1
DA:32,5
DA:33,1
DA:34,1
DA:38,5
LF:22
LH:22
BRF:0
BRH:0
end_of_record
TN:
SF:routes/assignments.js
FN:5,(anonymous_0)
FN:8,(anonymous_1)
FN:13,(anonymous_2)
FN:18,(anonymous_3)
FNF:4
FNH:2
FNDA:2,(anonymous_0)
FNDA:2,(anonymous_1)
FNDA:0,(anonymous_2)
FNDA:0,(anonymous_3)
DA:1,5
DA:2,5
DA:3,5
DA:5,5
DA:7,2
DA:8,2
DA:9,2
DA:10,2
DA:13,5
DA:15,0
DA:16,0
DA:18,0
DA:19,0
DA:20,0
DA:24,5
LF:15
LH:10
BRDA:15,0,0,0
BRDA:15,0,1,0
BRF:2
BRH:0
end_of_record
TN:
SF:routes/courses.js
FN:5,(anonymous_0)
FN:8,(anonymous_1)
FN:19,(anonymous_2)
FN:22,(anonymous_3)
FN:28,(anonymous_4)
FN:29,(anonymous_5)
FNF:6
FNH:4
FNDA:0,(anonymous_0)
FNDA:0,(anonymous_1)
FNDA:1,(anonymous_2)
FNDA:1,(anonymous_3)
FNDA:1,(anonymous_4)
FNDA:1,(anonymous_5)
DA:1,5
DA:2,5
DA:3,5
DA:5,5
DA:7,0
DA:8,0
DA:9,0
DA:10,0
DA:19,5
DA:21,1
DA:22,1
DA:23,1
DA:24,1
DA:28,5
DA:29,1
DA:30,1
DA:31,1
DA:36,5
LF:18
LH:14
BRF:0
BRH:0
end_of_record
TN:
SF:routes/enrollments.js
FN:6,(anonymous_0)
FN:9,(anonymous_1)
FN:17,(anonymous_2)
FN:19,(anonymous_3)
FN:26,(anonymous_4)
FN:27,(anonymous_5)
FN:33,(anonymous_6)
FN:34,(anonymous_7)
FN:41,(anonymous_8)
FN:42,(anonymous_9)
FN:48,(anonymous_10)
FN:49,(anonymous_11)
FNF:12
FNH:12
FNDA:1,(anonymous_0)
FNDA:1,(anonymous_1)
FNDA:1,(anonymous_2)
FNDA:1,(anonymous_3)
FNDA:1,(anonymous_4)
FNDA:1,(anonymous_5)
FNDA:1,(anonymous_6)
FNDA:1,(anonymous_7)
FNDA:1,(anonymous_8)
FNDA:1,(anonymous_9)
FNDA:1,(anonymous_10)
FNDA:1,(anonymous_11)
DA:1,5
DA:2,5
DA:3,5
DA:6,5
DA:8,1
DA:9,1
DA:10,1
DA:12,1
DA:17,5
DA:18,1
DA:19,1
DA:20,1
DA:21,1
DA:26,5
DA:27,1
DA:28,1
DA:29,1
DA:33,5
DA:34,1
DA:35,1
DA:36,1
DA:41,5
DA:42,1
DA:43,1
DA:44,1
DA:48,5
DA:49,1
DA:50,1
DA:51,1
DA:55,5
LF:30
LH:30
BRF:0
BRH:0
end_of_record
TN:
SF:routes/users.js
FN:6,(anonymous_0)
FN:7,(anonymous_1)
FN:12,(anonymous_2)
FN:13,(anonymous_3)
FNF:4
FNH:4
FNDA:1,(anonymous_0)
FNDA:1,(anonymous_1)
FNDA:1,(anonymous_2)
FNDA:1,(anonymous_3)
DA:1,5
DA:2,5
DA:3,5
DA:6,5
DA:7,1
DA:8,1
DA:9,1
DA:12,5
DA:13,1
DA:15,1
DA:29,5
LF:11
LH:11
BRF:0
BRH:0
end_of_record
